<?xml version="1.0" encoding="UTF-8" standalone="no"?>
<!DOCTYPE log SYSTEM "logger.dtd">
<log>
<record>
  <date>2020-03-16T16:32:32.356-0300</date>
  <logger>PABLLO RODOLFO SANTOS DE LIMA</logger>
  <level>FINE</level>
  <message>File 115111825-PABLLO RODOLFO SANTOS DE LIMA.zip was received. It was sent by PABLLO RODOLFO SANTOS DE LIMA from IP 192.168.43.48 at 16-03-2020 16*32*32</message>
</record>
</log>
<?xml version="1.0" encoding="UTF-8" standalone="no"?>
<!DOCTYPE log SYSTEM "logger.dtd">
<log>
<record>
  <date>2020-03-16T17:13:38.521-0300</date>
  <logger>PABLLO RODOLFO SANTOS DE LIMA</logger>
  <level>FINE</level>
  <message>File 115111825-PABLLO RODOLFO SANTOS DE LIMA.zip was received. It was sent by PABLLO RODOLFO SANTOS DE LIMA from IP 192.168.43.48 at 16-03-2020 17*13*38</message>
</record>
</log>
<?xml version="1.0" encoding="UTF-8" standalone="no"?>
<!DOCTYPE log SYSTEM "logger.dtd">
<log>
<record>
  <date>2020-03-16T21:00:03.864-0300</date>
  <logger>PABLLO RODOLFO SANTOS DE LIMA</logger>
  <level>FINE</level>
  <message>File 115111825-PABLLO RODOLFO SANTOS DE LIMA.zip was received. It was sent by PABLLO RODOLFO SANTOS DE LIMA from IP 192.168.43.48 at 16-03-2020 21*00*03</message>
</record>
